SF:lib/app/share_pref/token_shared_pref.dart
DA:9,0
DA:12,0
DA:14,0
DA:15,0
DA:17,0
DA:18,0
DA:23,0
DA:25,0
DA:26,0
DA:28,0
DA:29,0
LF:11
LH:0
end_of_record
SF:lib/core/error/failure.dart
DA:6,4
DA:8,0
DA:9,0
DA:13,0
DA:18,4
DA:22,0
LF:6
LH:2
end_of_record
SF:lib/features/auth/domain/use_case/user_login_usecase.dart
DA:13,4
DA:15,0
DA:17,0
DA:18,0
DA:25,1
DA:31,1
DA:33,2
DA:34,1
DA:35,1
LF:9
LH:6
end_of_record
SF:lib/core/common/snack_bar/snack_bar.dart
DA:3,3
DA:8,5
DA:9,2
DA:10,2
LF:4
LH:4
end_of_record
SF:lib/features/auth/domain/entity/user_entity.dart
DA:13,0
DA:22,0
DA:23,0
LF:3
LH:0
end_of_record
SF:lib/features/auth/domain/use_case/user_image_upload_usecase.dart
DA:10,1
DA:17,0
DA:20,0
DA:22,0
LF:4
LH:1
end_of_record
SF:lib/features/auth/domain/use_case/user_register_usecase.dart
DA:15,1
DA:24,0
DA:32,1
DA:33,5
DA:40,0
DA:43,0
DA:45,0
DA:46,0
DA:47,0
DA:48,0
DA:49,0
DA:50,0
DA:52,0
LF:13
LH:3
end_of_record
SF:lib/features/auth/presentation/view_model/register_view_model/register_event.dart
DA:13,1
DA:25,1
LF:2
LH:2
end_of_record
SF:lib/features/auth/presentation/view_model/register_view_model/register_state.dart
DA:8,1
DA:18,1
DA:23,1
DA:28,1
DA:29,0
DA:30,1
DA:31,1
DA:35,1
DA:36,4
LF:9
LH:8
end_of_record
SF:lib/features/auth/presentation/view_model/register_view_model/register_view_model.dart
DA:14,1
DA:15,2
DA:16,2
DA:17,2
DA:18,2
DA:20,2
DA:23,1
DA:27,3
DA:30,3
DA:33,1
DA:37,3
DA:39,2
DA:40,1
DA:41,1
DA:42,1
DA:43,1
DA:44,1
DA:45,2
DA:49,1
DA:50,1
DA:51,3
DA:52,1
DA:53,1
DA:54,1
DA:58,1
DA:59,3
DA:60,1
DA:61,1
DA:68,1
DA:69,3
DA:70,2
DA:71,2
DA:74,1
DA:75,4
DA:76,1
DA:77,3
LF:36
LH:36
end_of_record
SF:lib/features/auth/presentation/view_model/login_view_model/login_event.dart
DA:9,1
DA:15,0
DA:23,2
LF:3
LH:2
end_of_record
SF:lib/features/auth/presentation/view_model/login_view_model/login_state.dart
DA:7,2
DA:10,2
DA:12,2
DA:13,2
DA:14,0
DA:15,2
DA:19,2
DA:20,6
LF:8
LH:7
end_of_record
SF:lib/features/auth/presentation/view_model/login_view_model/login_view_model.dart
DA:16,6
DA:17,4
DA:19,4
DA:22,1
DA:26,2
DA:27,1
DA:28,1
DA:30,1
DA:32,0
DA:33,0
DA:36,0
DA:37,0
DA:40,0
DA:47,2
DA:51,6
DA:52,4
DA:53,6
DA:56,2
DA:57,2
DA:58,6
DA:60,2
DA:61,2
DA:66,2
DA:67,6
DA:68,4
DA:69,2
DA:70,2
DA:71,4
LF:28
LH:23
end_of_record
SF:lib/app/constant/api_endpoints.dart
DA:2,0
LF:1
LH:0
end_of_record
SF:lib/app/constant/hive_table_constant.dart
DA:2,0
LF:1
LH:0
end_of_record
SF:lib/app/service_locator/service_locator.dart
DA:23,0
DA:25,0
DA:26,0
DA:27,0
DA:28,0
DA:29,0
DA:30,0
DA:31,0
DA:34,0
DA:35,0
DA:38,0
DA:39,0
DA:42,0
DA:44,0
DA:45,0
DA:46,0
DA:47,0
DA:48,0
DA:53,0
DA:55,0
DA:56,0
DA:59,0
DA:60,0
DA:65,0
DA:66,0
DA:67,0
DA:71,0
DA:72,0
DA:73,0
DA:78,0
DA:79,0
DA:80,0
DA:81,0
DA:85,0
DA:86,0
DA:87,0
DA:91,0
DA:92,0
DA:93,0
DA:97,0
DA:98,0
DA:99,0
DA:103,0
DA:104,0
DA:106,0
DA:107,0
DA:112,0
DA:113,0
DA:117,0
DA:118,0
DA:119,0
DA:123,0
DA:124,0
LF:53
LH:0
end_of_record
SF:lib/features/splash/presentation/view_model/splashscreen_view_model.dart
DA:11,0
DA:13,0
DA:14,0
DA:17,0
DA:18,0
DA:20,0
DA:22,0
DA:23,0
DA:24,0
LF:9
LH:0
end_of_record
SF:lib/features/splash/presentation/view_model/splash_view_model.dart
DA:24,0
DA:27,0
DA:28,0
DA:30,0
DA:35,0
DA:36,0
DA:38,0
LF:7
LH:0
end_of_record
SF:lib/core/network/api_service.dart
DA:9,0
DA:11,0
DA:12,0
DA:13,0
DA:14,0
DA:15,0
DA:16,0
DA:17,0
DA:18,0
DA:24,0
LF:10
LH:0
end_of_record
SF:lib/core/network/hive_service.dart
DA:7,0
DA:9,0
DA:10,0
DA:12,0
DA:16,0
DA:21,0
DA:22,0
DA:25,0
DA:28,0
DA:29,0
DA:32,0
DA:35,0
DA:36,0
DA:39,0
DA:43,0
DA:44,0
DA:47,0
DA:48,0
DA:49,0
DA:51,0
DA:56,0
DA:57,0
DA:58,0
DA:61,0
DA:62,0
LF:25
LH:0
end_of_record
SF:lib/features/auth/data/data_source/local_datasource/user_local_datasource.dart
DA:11,0
DA:14,0
DA:17,0
DA:18,0
DA:21,0
DA:24,0
DA:28,0
DA:32,0
DA:33,0
DA:35,0
DA:39,0
DA:42,0
DA:45,0
DA:48,0
LF:14
LH:0
end_of_record
SF:lib/features/auth/data/data_source/remote_datasource/user_remote_datasource.dart
DA:12,0
DA:15,0
DA:18,0
DA:21,0
DA:24,0
DA:26,0
DA:28,0
DA:29,0
DA:32,0
DA:34,0
DA:35,0
DA:37,0
DA:41,0
DA:44,0
DA:45,0
DA:47,0
DA:49,0
DA:52,0
DA:53,0
DA:56,0
DA:57,0
DA:59,0
DA:63,0
DA:66,0
DA:67,0
DA:68,0
DA:69,0
DA:74,0
DA:79,0
DA:81,0
DA:84,0
DA:86,0
DA:87,0
DA:89,0
LF:34
LH:0
end_of_record
SF:lib/features/auth/data/repository/local_repository/user_local_repository.dart
DA:12,0
DA:15,0
DA:18,0
DA:21,0
DA:27,0
DA:28,0
DA:30,0
DA:34,0
DA:37,0
DA:38,0
DA:40,0
DA:44,0
DA:47,0
LF:13
LH:0
end_of_record
SF:lib/features/auth/data/repository/remote_repository/user_remote_repository.dart
DA:12,0
DA:15,0
DA:18,0
DA:19,0
DA:21,0
DA:25,0
DA:31,0
DA:32,0
DA:34,0
DA:38,0
DA:41,0
DA:44,0
DA:48,0
DA:51,0
DA:52,0
DA:54,0
LF:16
LH:0
end_of_record
SF:lib/features/auth/domain/use_case/user_get_current_usecase.dart
DA:10,0
DA:13,0
DA:15,0
LF:3
LH:0
end_of_record
SF:lib/features/home/presentation/view_model/home_view_model.dart
DA:10,0
DA:14,0
DA:15,0
DA:18,0
DA:20,0
DA:21,0
DA:22,0
DA:24,0
DA:25,0
DA:26,0
LF:10
LH:0
end_of_record
SF:lib/bottom_screen/dashboard.dart
DA:9,1
DA:11,1
DA:12,1
DA:25,1
DA:27,1
DA:28,1
DA:35,3
DA:36,1
DA:53,1
DA:54,0
DA:55,0
DA:56,0
LF:12
LH:9
end_of_record
SF:lib/bottom_screen/explore.dart
DA:4,2
DA:6,0
DA:7,0
DA:11,0
LF:4
LH:1
end_of_record
SF:lib/bottom_screen/home.dart
DA:5,2
DA:7,1
DA:8,1
DA:38,1
DA:39,1
DA:41,1
DA:42,1
DA:43,1
DA:46,1
DA:47,1
DA:48,1
DA:49,1
DA:50,1
DA:51,2
DA:53,0
DA:54,0
DA:59,1
DA:64,1
DA:65,1
DA:73,1
DA:74,1
DA:76,1
DA:77,1
DA:78,1
DA:81,1
DA:82,1
DA:83,1
DA:84,1
DA:85,1
DA:86,2
DA:88,0
DA:89,0
DA:94,1
DA:99,1
DA:100,1
DA:102,1
DA:104,1
DA:106,1
DA:108,1
DA:109,1
DA:110,1
DA:117,1
DA:119,1
DA:120,0
DA:121,1
DA:127,1
DA:128,1
DA:143,1
DA:145,1
DA:147,1
DA:148,1
DA:150,1
DA:152,1
DA:153,1
DA:154,1
DA:159,1
DA:160,1
DA:168,1
DA:170,1
DA:172,2
DA:173,1
DA:174,3
DA:189,1
DA:190,1
DA:191,2
DA:192,1
DA:193,3
LF:67
LH:62
end_of_record
SF:lib/bottom_screen/mycourse.dart
DA:4,2
DA:6,0
DA:7,0
DA:11,0
LF:4
LH:1
end_of_record
SF:lib/bottom_screen/profile.dart
DA:4,2
DA:6,0
DA:7,0
DA:11,0
LF:4
LH:1
end_of_record
SF:lib/core/network/dio_error_interceptor.dart
DA:4,0
DA:8,0
DA:9,0
DA:10,0
DA:12,0
DA:13,0
DA:22,0
DA:23,0
DA:24,0
DA:26,0
DA:29,0
LF:11
LH:0
end_of_record
SF:lib/features/auth/data/model/user_hive_model.dart
DA:28,0
DA:37,0
DA:40,0
DA:49,0
DA:50,0
DA:51,0
DA:52,0
DA:53,0
DA:54,0
DA:55,0
DA:56,0
DA:61,0
DA:62,0
DA:63,0
DA:64,0
DA:65,0
DA:66,0
DA:67,0
DA:68,0
DA:72,0
DA:73,0
LF:21
LH:0
end_of_record
SF:lib/features/auth/data/model/user_hive_model.g.dart
DA:13,0
DA:15,0
DA:16,0
DA:17,0
DA:19,0
DA:20,0
DA:21,0
DA:22,0
DA:23,0
DA:24,0
DA:25,0
DA:29,0
DA:32,0
DA:33,0
DA:34,0
DA:35,0
DA:36,0
DA:37,0
DA:38,0
DA:39,0
DA:40,0
DA:41,0
DA:42,0
DA:43,0
DA:44,0
DA:47,0
DA:48,0
DA:50,0
DA:53,0
DA:54,0
DA:55,0
LF:31
LH:0
end_of_record
SF:lib/features/auth/data/model/user_api_model.dart
DA:18,0
DA:30,0
DA:31,0
DA:33,0
DA:37,0
DA:38,0
DA:39,0
DA:40,0
DA:41,0
DA:42,0
DA:43,0
DA:44,0
DA:49,0
DA:50,0
DA:51,0
DA:52,0
DA:53,0
DA:54,0
DA:55,0
DA:60,0
DA:61,0
DA:62,0
DA:63,0
DA:64,0
DA:65,0
DA:66,0
LF:26
LH:0
end_of_record
SF:lib/features/auth/data/model/user_api_model.g.dart
DA:9,0
DA:10,0
DA:11,0
DA:12,0
DA:13,0
DA:14,0
DA:15,0
DA:18,0
DA:19,0
DA:20,0
DA:21,0
DA:22,0
DA:23,0
DA:24,0
DA:25,0
LF:15
LH:0
end_of_record
SF:lib/features/auth/presentation/view/login_view.dart
DA:8,1
DA:15,1
DA:17,1
DA:19,1
DA:20,1
DA:37,1
DA:38,1
DA:39,1
DA:41,1
DA:42,1
DA:43,1
DA:45,1
DA:55,1
DA:57,1
DA:58,1
DA:66,1
DA:67,1
DA:70,1
DA:71,1
DA:77,1
DA:78,1
DA:80,1
DA:82,1
DA:90,1
DA:91,1
DA:94,1
DA:95,1
DA:102,1
DA:103,1
DA:104,3
DA:105,2
DA:106,1
DA:108,2
DA:109,2
DA:120,1
DA:127,1
DA:128,1
DA:141,1
DA:143,0
DA:144,0
DA:145,0
DA:148,1
DA:155,1
DA:156,1
LF:44
LH:41
end_of_record
SF:lib/features/auth/presentation/view/register_view.dart
DA:7,0
DA:18,0
DA:20,0
DA:21,0
DA:24,0
DA:26,0
DA:30,0
DA:31,0
DA:48,0
DA:49,0
DA:51,0
DA:52,0
DA:53,0
DA:54,0
DA:56,0
DA:73,0
DA:74,0
DA:75,0
DA:76,0
DA:78,0
DA:79,0
DA:85,0
DA:86,0
DA:99,0
DA:100,0
DA:101,0
DA:102,0
DA:104,0
DA:105,0
DA:111,0
DA:112,0
DA:125,0
DA:126,0
DA:127,0
DA:128,0
DA:131,0
DA:132,0
DA:138,0
DA:139,0
DA:142,0
DA:155,0
DA:156,0
DA:157,0
DA:159,0
DA:161,0
DA:162,0
DA:168,0
DA:169,0
DA:172,0
DA:181,0
DA:184,0
DA:185,0
DA:186,0
DA:187,0
DA:188,0
DA:190,0
DA:191,0
DA:192,0
DA:193,0
DA:198,0
DA:200,0
DA:201,0
DA:215,0
DA:217,0
DA:219,0
DA:220,0
DA:221,0
DA:222,0
DA:227,0
LF:69
LH:0
end_of_record
SF:lib/features/home/presentation/view_model/home_state.dart
DA:8,0
DA:11,0
DA:12,0
DA:14,0
DA:15,0
DA:29,0
DA:30,0
DA:31,0
DA:32,0
LF:9
LH:0
end_of_record
SF:lib/features/splash/presentation/view/splash_view.dart
DA:7,0
DA:9,0
DA:11,0
DA:13,0
DA:14,0
DA:15,0
DA:32,0
DA:33,0
DA:35,0
DA:37,0
DA:57,0
DA:58,0
DA:64,0
DA:65,0
DA:69,0
DA:81,0
DA:82,0
DA:87,0
DA:88,0
DA:92,0
LF:20
LH:0
end_of_record
